<?xml version="1.0" encoding="utf-8"?><testsuites><testsuite name="pytest" errors="0" failures="0" skipped="0" tests="7" time="127.865" timestamp="2024-07-19T11:40:39.636502" hostname="A"><testcase classname="tests.test_classification_controller.TestClassifyCLOsFromPdf" name="test_can_classify_clos_from_pdf" time="89.812" /><testcase classname="tests.test_classification_controller.TestClassifyCLOsFromPdf" name="test_can_classify_exam_questions" time="0.002" /><testcase classname="tests.test_classification_controller.TestMatchVerbsByAI" name="test_match_verbs_by_ai" time="0.001" /><testcase classname="tests.test_classification_controller.TestExtractWordsFromCLO" name="test_can_extract_words_from_clo" time="0.002" /><testcase classname="tests.test_classification_controller.TestMatchCLOsByDict" name="test_can_match_clos_by_dict" time="0.072" /><testcase classname="tests.test_extract_helper" name="test_can_extract_clo_from_pdf" time="5.329" /><testcase classname="tests.test_extract_helper" name="test_can_extract_course_details_from_pdf" time="0.039" /></testsuite></testsuites>